  Enemy.cpp
C:\Users\User\source\repos\Gra\Enemy.cpp(15,90): warning C4244: "argument": konwersja z "double" do "float", możliwa utrata danych
C:\Users\User\source\repos\Gra\Enemy.cpp(27,20): warning C4018: "<": niezgodność typu ze znakiem/bez znaku
C:\Users\User\source\repos\Gra\Enemy.cpp(37,20): warning C4018: "<": niezgodność typu ze znakiem/bez znaku
  Game.cpp
  Level.cpp
C:\Users\User\source\repos\Gra\Level.cpp(60,20): warning C4018: "<": niezgodność typu ze znakiem/bez znaku
C:\Users\User\source\repos\Gra\Level.cpp(69,33): warning C4305: "-=": obcięcie z "double" do "float"
C:\Users\User\source\repos\Gra\Level.cpp(96,21): warning C4018: "<": niezgodność typu ze znakiem/bez znaku
  main.cpp
  Menu.cpp
C:\Users\User\source\repos\Gra\Menu.cpp(11,38): warning C4244: "argument": konwersja z "int" do "float", możliwa utrata danych
  Player.cpp
  Shield.cpp
C:\Users\User\source\repos\Gra\Shield.cpp(24,47): warning C4244: "argument": konwersja z "int" do "T", możliwa utrata danych
          with
          [
              T=float
          ]
C:\Users\User\source\repos\Gra\Shield.cpp(24,36): warning C4244: "argument": konwersja z "int" do "T", możliwa utrata danych
          with
          [
              T=float
          ]
C:\Users\User\source\repos\Gra\Shield.cpp(25,46): warning C4244: "argument": konwersja z "int" do "float", możliwa utrata danych
C:\Users\User\source\repos\Gra\Shield.cpp(25,43): warning C4244: "argument": konwersja z "int" do "float", możliwa utrata danych
C:\Users\User\source\repos\Gra\Shield.cpp(26,64): warning C4244: "argument": konwersja z "int" do "float", możliwa utrata danych
C:\Users\User\source\repos\Gra\Shield.cpp(26,45): warning C4244: "argument": konwersja z "int" do "float", możliwa utrata danych
C:\Users\User\source\repos\Gra\Shield.cpp(30,62): warning C4244: "argument": konwersja z "double" do "T", możliwa utrata danych
          with
          [
              T=float
          ]
C:\Users\User\source\repos\Gra\Shield.cpp(30,46): warning C4244: "argument": konwersja z "int" do "T", możliwa utrata danych
          with
          [
              T=float
          ]
C:\Users\User\source\repos\Gra\Shield.cpp(31,57): warning C4244: "argument": konwersja z "double" do "T", możliwa utrata danych
          with
          [
              T=float
          ]
C:\Users\User\source\repos\Gra\Shield.cpp(31,52): warning C4244: "argument": konwersja z "int" do "T", możliwa utrata danych
          with
          [
              T=float
          ]
C:\Users\User\source\repos\Gra\Shield.cpp(32,75): warning C4244: "argument": konwersja z "double" do "T", możliwa utrata danych
          with
          [
              T=float
          ]
C:\Users\User\source\repos\Gra\Shield.cpp(32,54): warning C4244: "argument": konwersja z "int" do "T", możliwa utrata danych
          with
          [
              T=float
          ]
C:\Users\User\source\repos\Gra\Shield.cpp(36,58): warning C4244: "argument": konwersja z "double" do "T", możliwa utrata danych
          with
          [
              T=float
          ]
C:\Users\User\source\repos\Gra\Shield.cpp(36,36): warning C4244: "argument": konwersja z "int" do "T", możliwa utrata danych
          with
          [
              T=float
          ]
C:\Users\User\source\repos\Gra\Shield.cpp(37,64): warning C4244: "argument": konwersja z "int" do "float", możliwa utrata danych
C:\Users\User\source\repos\Gra\Shield.cpp(37,45): warning C4244: "argument": konwersja z "int" do "float", możliwa utrata danych
C:\Users\User\source\repos\Gra\Shield.cpp(38,58): warning C4244: "argument": konwersja z "int" do "float", możliwa utrata danych
C:\Users\User\source\repos\Gra\Shield.cpp(38,45): warning C4244: "argument": konwersja z "int" do "float", możliwa utrata danych
C:\Users\User\source\repos\Gra\Shield.cpp(50,20): warning C4018: "<": niezgodność typu ze znakiem/bez znaku
  Generowanie kodu...
  Gra.vcxproj -> C:\Users\User\source\repos\Gra\Debug\Gra.exe
